Determining if the pthread_create exist failed with the following output:
Change Dir: /home/cc/ee106a/fa17/class/ee106a-adp/emb_workspace/final_project/build/CMakeFiles/CMakeTmp

Run Build Command:/usr/bin/make "cmTryCompileExec513301789/fast"
/usr/bin/make -f CMakeFiles/cmTryCompileExec513301789.dir/build.make CMakeFiles/cmTryCompileExec513301789.dir/build
make[1]: Entering directory `/home/cc/ee106a/fa17/class/ee106a-adp/emb_workspace/final_project/build/CMakeFiles/CMakeTmp'
/usr/bin/cmake -E cmake_progress_report /home/cc/ee106a/fa17/class/ee106a-adp/emb_workspace/final_project/build/CMakeFiles/CMakeTmp/CMakeFiles 1
Building C object CMakeFiles/cmTryCompileExec513301789.dir/CheckSymbolExists.c.o
/usr/bin/cc    -o CMakeFiles/cmTryCompileExec513301789.dir/CheckSymbolExists.c.o   -c /home/cc/ee106a/fa17/class/ee106a-adp/emb_workspace/final_project/build/CMakeFiles/CMakeTmp/CheckSymbolExists.c
Linking C executable cmTryCompileExec513301789
/usr/bin/cmake -E cmake_link_script CMakeFiles/cmTryCompileExec513301789.dir/link.txt --verbose=1
/usr/bin/cc       CMakeFiles/cmTryCompileExec513301789.dir/CheckSymbolExists.c.o  -o cmTryCompileExec513301789 -rdynamic 
CMakeFiles/cmTryCompileExec513301789.dir/CheckSymbolExists.c.o: In function `main':
CheckSymbolExists.c:(.text+0x16): undefined reference to `pthread_create'
collect2: error: ld returned 1 exit status
make[1]: *** [cmTryCompileExec513301789] Error 1
make[1]: Leaving directory `/home/cc/ee106a/fa17/class/ee106a-adp/emb_workspace/final_project/build/CMakeFiles/CMakeTmp'
make: *** [cmTryCompileExec513301789/fast] Error 2

File /home/cc/ee106a/fa17/class/ee106a-adp/emb_workspace/final_project/build/CMakeFiles/CMakeTmp/CheckSymbolExists.c:
/* */
#include <pthread.h>

int main(int argc, char** argv)
{
  (void)argv;
#ifndef pthread_create
  return ((int*)(&pthread_create))[argc];
#else
  (void)argc;
  return 0;
#endif
}

Determining if the function pthread_create exists in the pthreads failed with the following output:
Change Dir: /home/cc/ee106a/fa17/class/ee106a-adp/emb_workspace/final_project/build/CMakeFiles/CMakeTmp

Run Build Command:/usr/bin/make "cmTryCompileExec68331735/fast"
/usr/bin/make -f CMakeFiles/cmTryCompileExec68331735.dir/build.make CMakeFiles/cmTryCompileExec68331735.dir/build
make[1]: Entering directory `/home/cc/ee106a/fa17/class/ee106a-adp/emb_workspace/final_project/build/CMakeFiles/CMakeTmp'
/usr/bin/cmake -E cmake_progress_report /home/cc/ee106a/fa17/class/ee106a-adp/emb_workspace/final_project/build/CMakeFiles/CMakeTmp/CMakeFiles 1
Building C object CMakeFiles/cmTryCompileExec68331735.dir/CheckFunctionExists.c.o
/usr/bin/cc   -DCHECK_FUNCTION_EXISTS=pthread_create   -o CMakeFiles/cmTryCompileExec68331735.dir/CheckFunctionExists.c.o   -c /usr/share/cmake-2.8/Modules/CheckFunctionExists.c
Linking C executable cmTryCompileExec68331735
/usr/bin/cmake -E cmake_link_script CMakeFiles/cmTryCompileExec68331735.dir/link.txt --verbose=1
/usr/bin/cc   -DCHECK_FUNCTION_EXISTS=pthread_create    CMakeFiles/cmTryCompileExec68331735.dir/CheckFunctionExists.c.o  -o cmTryCompileExec68331735 -rdynamic -lpthreads 
/usr/bin/ld: cannot find -lpthreads
collect2: error: ld returned 1 exit status
make[1]: *** [cmTryCompileExec68331735] Error 1
make[1]: Leaving directory `/home/cc/ee106a/fa17/class/ee106a-adp/emb_workspace/final_project/build/CMakeFiles/CMakeTmp'
make: *** [cmTryCompileExec68331735/fast] Error 2


